0 info it worked if it ends with ok
1 verbose cli [ 'node', '/usr/local/bin/npm', 'install', '-g', 'plugman' ]
2 info using npm@2.11.2
3 info using node@v0.12.6
4 verbose install initial load of /usr/local/lib/package.json
5 verbose readDependencies loading dependencies from /usr/local/lib/package.json
6 silly cache add args [ 'plugman', null ]
7 verbose cache add spec plugman
8 silly cache add parsed spec { raw: 'plugman',
8 silly cache add   scope: null,
8 silly cache add   name: 'plugman',
8 silly cache add   rawSpec: '',
8 silly cache add   spec: '*',
8 silly cache add   type: 'range' }
9 silly addNamed plugman@*
10 verbose addNamed "*" is a valid semver range for plugman
11 silly addNameRange { name: 'plugman', range: '*', hasData: false }
12 silly mapToRegistry name plugman
13 silly mapToRegistry using default registry
14 silly mapToRegistry registry https://registry.npmjs.org/
15 silly mapToRegistry uri https://registry.npmjs.org/plugman
16 verbose addNameRange registry:https://registry.npmjs.org/plugman not in flight; fetching
17 verbose request uri https://registry.npmjs.org/plugman
18 verbose request no auth needed
19 info attempt registry request try #1 at 11:40:26 AM
20 verbose request id 0afc440510675f80
21 http request GET https://registry.npmjs.org/plugman
22 http 200 https://registry.npmjs.org/plugman
23 silly get cb [ 200,
23 silly get   { server: 'CouchDB/1.5.0 (Erlang OTP/R16B03)',
23 silly get     etag: '"1MI1VMOCQCISM4SU15AFPBABU"',
23 silly get     'content-type': 'application/json',
23 silly get     'cache-control': 'max-age=60',
23 silly get     'content-length': '143000',
23 silly get     'accept-ranges': 'bytes',
23 silly get     date: 'Wed, 08 Jul 2015 08:40:28 GMT',
23 silly get     via: '1.1 varnish',
23 silly get     age: '0',
23 silly get     connection: 'keep-alive',
23 silly get     'x-served-by': 'cache-lhr6333-LHR',
23 silly get     'x-cache': 'MISS',
23 silly get     'x-cache-hits': '0',
23 silly get     'x-timer': 'S1436344828.283731,VS0,VE622',
23 silly get     vary: 'Accept' } ]
24 verbose get saving plugman to /Users/mesutyigit/.npm/registry.npmjs.org/plugman/.cache.json
25 verbose getCacheStat cache creation not in flight; initializing
26 silly addNameRange number 2 { name: 'plugman', range: '*', hasData: true }
27 silly addNameRange versions [ 'plugman',
27 silly addNameRange   [ '0.5.6',
27 silly addNameRange     '0.5.7',
27 silly addNameRange     '0.5.8',
27 silly addNameRange     '0.5.9',
27 silly addNameRange     '0.6.0',
27 silly addNameRange     '0.6.1',
27 silly addNameRange     '0.6.2',
27 silly addNameRange     '0.6.3',
27 silly addNameRange     '0.7.0',
27 silly addNameRange     '0.7.1',
27 silly addNameRange     '0.7.2',
27 silly addNameRange     '0.7.3',
27 silly addNameRange     '0.7.4',
27 silly addNameRange     '0.7.5',
27 silly addNameRange     '0.7.6',
27 silly addNameRange     '0.7.7',
27 silly addNameRange     '0.7.8',
27 silly addNameRange     '0.7.9',
27 silly addNameRange     '0.7.10',
27 silly addNameRange     '0.7.11',
27 silly addNameRange     '0.7.12',
27 silly addNameRange     '0.7.13',
27 silly addNameRange     '0.7.14',
27 silly addNameRange     '0.8.0',
27 silly addNameRange     '0.8.1',
27 silly addNameRange     '0.8.2',
27 silly addNameRange     '0.9.0',
27 silly addNameRange     '0.9.1',
27 silly addNameRange     '0.9.2',
27 silly addNameRange     '0.9.3',
27 silly addNameRange     '0.9.4',
27 silly addNameRange     '0.9.5',
27 silly addNameRange     '0.9.6',
27 silly addNameRange     '0.9.7',
27 silly addNameRange     '0.9.8',
27 silly addNameRange     '0.9.9',
27 silly addNameRange     '0.9.10',
27 silly addNameRange     '0.9.11',
27 silly addNameRange     '0.9.20',
27 silly addNameRange     '0.9.21',
27 silly addNameRange     '0.9.22',
27 silly addNameRange     '0.9.23',
27 silly addNameRange     '0.10.0',
27 silly addNameRange     '0.10.1',
27 silly addNameRange     '0.11.0',
27 silly addNameRange     '0.12.0',
27 silly addNameRange     '0.13.0',
27 silly addNameRange     '0.14.0',
27 silly addNameRange     '0.15.0',
27 silly addNameRange     '0.16.0',
27 silly addNameRange     '0.17.0',
27 silly addNameRange     '0.18.0',
27 silly addNameRange     '0.19.0',
27 silly addNameRange     '0.20.0',
27 silly addNameRange     '0.20.1',
27 silly addNameRange     '0.20.2',
27 silly addNameRange     '0.21.0',
27 silly addNameRange     '0.22.0',
27 silly addNameRange     '0.22.1',
27 silly addNameRange     '0.22.2',
27 silly addNameRange     '0.22.4',
27 silly addNameRange     '0.22.5',
27 silly addNameRange     '0.22.6',
27 silly addNameRange     '0.22.7',
27 silly addNameRange     '0.22.8',
27 silly addNameRange     '0.22.9',
27 silly addNameRange     '0.22.10',
27 silly addNameRange     '0.22.11',
27 silly addNameRange     '0.22.12',
27 silly addNameRange     '0.22.14',
27 silly addNameRange     '0.22.15',
27 silly addNameRange     '0.22.16',
27 silly addNameRange     '0.22.17',
27 silly addNameRange     '0.23.0',
27 silly addNameRange     '0.23.1',
27 silly addNameRange     '0.23.3' ] ]
28 silly addNamed plugman@0.23.3
29 verbose addNamed "0.23.3" is a plain semver version for plugman
30 silly mapToRegistry name plugman
31 silly mapToRegistry using default registry
32 silly mapToRegistry registry https://registry.npmjs.org/
33 silly mapToRegistry uri https://registry.npmjs.org/plugman
34 verbose addRemoteTarball https://registry.npmjs.org/plugman/-/plugman-0.23.3.tgz not in flight; adding
35 verbose addRemoteTarball [ 'https://registry.npmjs.org/plugman/-/plugman-0.23.3.tgz',
35 verbose addRemoteTarball   '1579da5a62ac5130c13bbbb9fc8f93d5b8489a7d' ]
36 info retry fetch attempt 1 at 11:40:29 AM
37 info attempt registry request try #1 at 11:40:29 AM
38 http fetch GET https://registry.npmjs.org/plugman/-/plugman-0.23.3.tgz
39 http fetch 200 https://registry.npmjs.org/plugman/-/plugman-0.23.3.tgz
40 silly fetchAndShaCheck shasum 1579da5a62ac5130c13bbbb9fc8f93d5b8489a7d
41 verbose addTmpTarball /var/folders/3x/v5rzzmxd05l4q_7h__1r3pmc0000gr/T/npm-22273-ba9a8374/registry.npmjs.org/plugman/-/plugman-0.23.3.tgz not in flight; adding
42 verbose addTmpTarball already have metadata; skipping unpack for plugman@0.23.3
43 silly cache afterAdd plugman@0.23.3
44 verbose afterAdd /Users/mesutyigit/.npm/plugman/0.23.3/package/package.json not in flight; writing
45 verbose afterAdd /Users/mesutyigit/.npm/plugman/0.23.3/package/package.json written
46 silly install resolved [ { author: { name: 'Andrew Lunny', email: 'alunny@gmail.com' },
46 silly install resolved     name: 'plugman',
46 silly install resolved     description: 'install/uninstall Cordova plugins',
46 silly install resolved     version: '0.23.3',
46 silly install resolved     repository:
46 silly install resolved      { type: 'git',
46 silly install resolved        url: 'git://git-wip-us.apache.org/repos/asf/cordova-plugman.git' },
46 silly install resolved     bugs:
46 silly install resolved      { url: 'https://issues.apache.org/jira/browse/CB',
46 silly install resolved        email: 'dev@cordova.apache.org' },
46 silly install resolved     main: 'plugman.js',
46 silly install resolved     engines: { node: '>=0.9.9' },
46 silly install resolved     engineStrict: true,
46 silly install resolved     dependencies:
46 silly install resolved      { 'cordova-lib': '5.1.1',
46 silly install resolved        nopt: '1.0.9',
46 silly install resolved        underscore: '1.7.0',
46 silly install resolved        q: '1.0.1',
46 silly install resolved        npm: '1.3.4',
46 silly install resolved        rc: '0.5.2' },
46 silly install resolved     devDependencies: { jshint: '2.5.8', 'jasmine-node': '1.14.5' },
46 silly install resolved     bin: { plugman: './main.js' },
46 silly install resolved     scripts:
46 silly install resolved      { test: 'npm run jasmine && npm run jshint',
46 silly install resolved        jshint: 'node node_modules/jshint/bin/jshint src',
46 silly install resolved        jasmine: 'jasmine-node --captureExceptions --color spec' },
46 silly install resolved     contributors:
46 silly install resolved      [ [Object],
46 silly install resolved        [Object],
46 silly install resolved        [Object],
46 silly install resolved        [Object],
46 silly install resolved        [Object],
46 silly install resolved        [Object],
46 silly install resolved        [Object],
46 silly install resolved        [Object],
46 silly install resolved        [Object],
46 silly install resolved        [Object],
46 silly install resolved        [Object] ],
46 silly install resolved     _id: 'plugman@0.23.3',
46 silly install resolved     _shasum: '1579da5a62ac5130c13bbbb9fc8f93d5b8489a7d',
46 silly install resolved     _resolved: 'https://registry.npmjs.org/plugman/-/plugman-0.23.3.tgz',
46 silly install resolved     _from: 'plugman@*',
46 silly install resolved     _npmVersion: '2.9.1',
46 silly install resolved     _nodeVersion: '0.10.36',
46 silly install resolved     _npmUser: { name: 'stevegill', email: 'stevengill97@gmail.com' },
46 silly install resolved     dist:
46 silly install resolved      { shasum: '1579da5a62ac5130c13bbbb9fc8f93d5b8489a7d',
46 silly install resolved        tarball: 'http://registry.npmjs.org/plugman/-/plugman-0.23.3.tgz' },
46 silly install resolved     maintainers:
46 silly install resolved      [ [Object],
46 silly install resolved        [Object],
46 silly install resolved        [Object],
46 silly install resolved        [Object],
46 silly install resolved        [Object],
46 silly install resolved        [Object],
46 silly install resolved        [Object],
46 silly install resolved        [Object],
46 silly install resolved        [Object],
46 silly install resolved        [Object],
46 silly install resolved        [Object],
46 silly install resolved        [Object],
46 silly install resolved        [Object] ],
46 silly install resolved     directories: {} } ]
47 info install plugman@0.23.3 into /usr/local/lib
48 info installOne plugman@0.23.3
49 verbose installOne of plugman to /usr/local/lib not in flight; installing
50 verbose lock using /Users/mesutyigit/.npm/_locks/plugman-36ae8474b10e3e50.lock for /usr/local/lib/node_modules/plugman
51 silly install write writing plugman 0.23.3 to /usr/local/lib/node_modules/plugman
52 verbose unbuild lib/node_modules/plugman
53 silly gentlyRm /usr/local/lib/node_modules/plugman is being purged from base /usr/local
54 verbose gentlyRm don't care about contents; nuking /usr/local/lib/node_modules/plugman
55 verbose tar unpack /Users/mesutyigit/.npm/plugman/0.23.3/package.tgz
56 verbose tar unpacking to /usr/local/lib/node_modules/plugman
57 silly gentlyRm /usr/local/lib/node_modules/plugman is being purged
58 verbose gentlyRm don't care about contents; nuking /usr/local/lib/node_modules/plugman
59 silly gunzTarPerm modes [ '755', '644' ]
60 error tar.unpack untar error /Users/mesutyigit/.npm/plugman/0.23.3/package.tgz
61 verbose unlock done using /Users/mesutyigit/.npm/_locks/plugman-36ae8474b10e3e50.lock for /usr/local/lib/node_modules/plugman
62 verbose fstream_path /usr/local/lib/node_modules/plugman
63 verbose fstream_type Directory
64 verbose fstream_class DirWriter
65 verbose stack Error: EACCES, mkdir '/usr/local/lib/node_modules/plugman'
65 verbose stack     at Error (native)
66 verbose fstream_stack /usr/local/lib/node_modules/npm/node_modules/fstream/lib/dir-writer.js:35:25
66 verbose fstream_stack /usr/local/lib/node_modules/npm/node_modules/mkdirp/index.js:47:53
66 verbose fstream_stack FSReqWrap.oncomplete (fs.js:95:15)
67 verbose cwd /Users/mesutyigit/SecureChatWithMeteor/SecureChat
68 error Darwin 14.1.0
69 error argv "node" "/usr/local/bin/npm" "install" "-g" "plugman"
70 error node v0.12.6
71 error npm  v2.11.2
72 error path /usr/local/lib/node_modules/plugman
73 error code EACCES
74 error errno -13
75 error Error: EACCES, mkdir '/usr/local/lib/node_modules/plugman'
75 error     at Error (native)
75 error  { [Error: EACCES, mkdir '/usr/local/lib/node_modules/plugman']
75 error   errno: -13,
75 error   code: 'EACCES',
75 error   path: '/usr/local/lib/node_modules/plugman',
75 error   fstream_type: 'Directory',
75 error   fstream_path: '/usr/local/lib/node_modules/plugman',
75 error   fstream_class: 'DirWriter',
75 error   fstream_stack:
75 error    [ '/usr/local/lib/node_modules/npm/node_modules/fstream/lib/dir-writer.js:35:25',
75 error      '/usr/local/lib/node_modules/npm/node_modules/mkdirp/index.js:47:53',
75 error      'FSReqWrap.oncomplete (fs.js:95:15)' ] }
76 error Please try running this command again as root/Administrator.
77 verbose exit [ -13, true ]
78 verbose unbuild lib/node_modules/plugman
79 silly gentlyRm /usr/local/lib/node_modules/plugman is being purged from base /usr/local
80 verbose gentlyRm don't care about contents; nuking /usr/local/lib/node_modules/plugman
